<?xml version="1.0" encoding="UTF-8"?>
<!-- Generated by org.testng.reporters.JUnitReportReporter -->
<testsuite hostname="Nice" failures="0" tests="1" name="testcases.HomePageTest" time="15.154" errors="0" timestamp="2023-03-09T10:15:06 BDT" skipped="0">
  <testcase classname="testcases.HomePageTest" name="TestHomepageHover" time="15.154"/>
  <system-out/>
</testsuite> <!-- testcases.HomePageTest -->
