<?xml version="1.0" encoding="UTF-8"?>
<!-- Generated by org.testng.reporters.JUnitReportReporter -->
<testsuite hostname="Nice" failures="0" tests="1" name="testcases.TestAllPages" time="55.248" errors="0" timestamp="2023-03-31T21:57:16 BDT" skipped="0">
  <testcase classname="testcases.TestAllPages" name="TestPages" time="55.248"/>
  <system-out/>
</testsuite> <!-- testcases.TestAllPages -->
