<?xml version="1.0" encoding="UTF-8"?>
<!-- Generated by org.testng.reporters.JUnitReportReporter -->
<testsuite hostname="Nice" failures="0" tests="1" name="testcases.TestAllPages" time="41.453" errors="0" timestamp="2023-03-18T01:22:18 BDT" skipped="0">
  <testcase classname="testcases.TestAllPages" name="TestPages" time="41.453"/>
  <system-out/>
</testsuite> <!-- testcases.TestAllPages -->
